node.exe : 
At C:\Program 
Files\nodejs\npx.ps1:29 
char:3
+   & $NODE_EXE $NPX_CLI_JS 
$args
+   
~~~~~~~~~~~~~~~~~~~~~~~~~~~~~
    + CategoryInfo           
   : NotSpeci    fied: 
(:String) [    ], 
RemoteExceptio    n
    + FullyQualifiedE    
rrorId : NativeCo    
mmandError
 
Oops! Something went wrong! 
:(

ESLint: 8.57.1

Error [ERR_PACKAGE_PATH_NOT_E
XPORTED]: Package subpath 
'./config' is not defined by 
"exports" in C:\Users\HP\Proj
ect\paige\node_modules\eslint
\package.json imported from C
:\Users\HP\Project\paige\esli
nt.config.mjs
    at exportsNotFound (node:
internal/modules/esm/resolve:
314:10)
    at packageExportsResolve 
(node:internal/modules/esm/re
solve:661:9)
    at packageResolve (node:i
nternal/modules/esm/resolve:7
74:12)
    at moduleResolve (node:in
ternal/modules/esm/resolve:85
4:18)
    at defaultResolve (node:i
nternal/modules/esm/resolve:9
84:11)
    at 
ModuleLoader.defaultResolve (
node:internal/modules/esm/loa
der:685:12)
    at #cachedDefaultResolve 
(node:internal/modules/esm/lo
ader:634:25)
    at ModuleLoader.resolve (
node:internal/modules/esm/loa
der:617:38)
    at ModuleLoader.getModule
JobForImport (node:internal/m
odules/esm/loader:273:38)
    at ModuleJob._link (node:
internal/modules/esm/module_j
ob:135:49)
